/projects/TCCTVS/Anaconda3/envs/flood_new/lib/python3.10/site-packages/pydantic/_internal/_fields.py:151: UserWarning: Field "model_path" has conflict with protected namespace "model_".

You may be able to resolve this warning by setting `model_config['protected_namespaces'] = ()`.
  warnings.warn(
加载颜色映射失败: No color mapping found in environment variables
2025-05-27 01:40:10 - root - WARNING - 未找到 .env.development 配置文件
2025-05-27 01:40:10 - root - INFO - 启动应用 - 模式: development, 地址: localhost:3000, 工作进程: 16
/projects/TCCTVS/FSI/SES_Fullstack_App/backend_python/fastapi_app.py:120: DeprecationWarning: 
        on_event is deprecated, use lifespan event handlers instead.

        Read more about it in the
        [FastAPI docs for Lifespan Events](https://fastapi.tiangolo.com/advanced/events/).
        
  @app.on_event("startup")
/projects/TCCTVS/FSI/SES_Fullstack_App/backend_python/fastapi_app.py:133: DeprecationWarning: 
        on_event is deprecated, use lifespan event handlers instead.

        Read more about it in the
        [FastAPI docs for Lifespan Events](https://fastapi.tiangolo.com/advanced/events/).
        
  @app.on_event("shutdown")
INFO:     Will watch for changes in these directories: ['/projects/TCCTVS/FSI/SES_Fullstack_App']
WARNING:  "workers" flag is ignored when reloading is enabled.
INFO:     Uvicorn running on http://localhost:3000 (Press CTRL+C to quit)
INFO:     Started reloader process [2008259] using WatchFiles
/projects/TCCTVS/Anaconda3/envs/flood_new/lib/python3.10/site-packages/pydantic/_internal/_fields.py:151: UserWarning: Field "model_path" has conflict with protected namespace "model_".

You may be able to resolve this warning by setting `model_config['protected_namespaces'] = ()`.
  warnings.warn(
加载颜色映射失败: No color mapping found in environment variables
INFO:     Started server process [2008548]
INFO:     Waiting for application startup.
2025-05-27 01:40:14 - root - INFO - 应用启动中...
2025-05-27 01:40:14 - root - INFO - 应用启动完成
INFO:     Application startup complete.
2025-05-27 01:40:53 - watchfiles.main - INFO - 25 changes detected
2025-05-27 01:40:54 - watchfiles.main - INFO - 1 change detected
2025-05-27 01:40:54 - watchfiles.main - INFO - 1 change detected
2025-05-27 01:40:54 - watchfiles.main - INFO - 1 change detected
2025-05-27 01:40:55 - watchfiles.main - INFO - 1 change detected
2025-05-27 01:40:55 - watchfiles.main - INFO - 1 change detected
2025-05-27 01:40:55 - watchfiles.main - INFO - 1 change detected
2025-05-27 01:40:56 - watchfiles.main - INFO - 1 change detected
2025-05-27 01:40:56 - watchfiles.main - INFO - 1 change detected
2025-05-27 01:40:56 - watchfiles.main - INFO - 1 change detected
2025-05-27 01:40:57 - watchfiles.main - INFO - 1 change detected
2025-05-27 01:40:57 - watchfiles.main - INFO - 1 change detected
2025-05-27 01:40:57 - watchfiles.main - INFO - 1 change detected
2025-05-27 01:40:58 - watchfiles.main - INFO - 1 change detected
2025-05-27 01:40:58 - watchfiles.main - INFO - 1 change detected
2025-05-27 01:40:59 - watchfiles.main - INFO - 1 change detected
2025-05-27 01:40:59 - watchfiles.main - INFO - 1 change detected
2025-05-27 01:40:59 - watchfiles.main - INFO - 1 change detected
2025-05-27 01:41:00 - watchfiles.main - INFO - 1 change detected
2025-05-27 01:41:00 - watchfiles.main - INFO - 1 change detected
2025-05-27 01:41:00 - watchfiles.main - INFO - 1 change detected
2025-05-27 01:41:01 - watchfiles.main - INFO - 1 change detected
2025-05-27 01:41:01 - watchfiles.main - INFO - 1 change detected
2025-05-27 01:41:01 - watchfiles.main - INFO - 1 change detected
2025-05-27 01:41:02 - watchfiles.main - INFO - 1 change detected
2025-05-27 01:41:02 - watchfiles.main - INFO - 1 change detected
2025-05-27 01:41:02 - watchfiles.main - INFO - 1 change detected
2025-05-27 01:41:03 - watchfiles.main - INFO - 1 change detected
2025-05-27 01:41:03 - watchfiles.main - INFO - 1 change detected
2025-05-27 01:41:03 - watchfiles.main - INFO - 1 change detected
2025-05-27 01:41:04 - watchfiles.main - INFO - 1 change detected
2025-05-27 01:41:04 - watchfiles.main - INFO - 1 change detected
2025-05-27 01:41:04 - watchfiles.main - INFO - 1 change detected
2025-05-27 01:41:05 - watchfiles.main - INFO - 1 change detected
2025-05-27 01:41:05 - watchfiles.main - INFO - 1 change detected
2025-05-27 01:41:06 - watchfiles.main - INFO - 1 change detected
2025-05-27 01:41:06 - watchfiles.main - INFO - 1 change detected
2025-05-27 01:41:06 - watchfiles.main - INFO - 1 change detected
2025-05-27 01:41:07 - watchfiles.main - INFO - 1 change detected
2025-05-27 01:41:07 - watchfiles.main - INFO - 1 change detected
2025-05-27 01:41:07 - watchfiles.main - INFO - 1 change detected
2025-05-27 01:41:08 - watchfiles.main - INFO - 1 change detected
2025-05-27 01:41:08 - watchfiles.main - INFO - 1 change detected
2025-05-27 01:41:08 - watchfiles.main - INFO - 1 change detected
2025-05-27 01:41:09 - watchfiles.main - INFO - 1 change detected
2025-05-27 01:41:09 - watchfiles.main - INFO - 1 change detected
2025-05-27 01:41:09 - watchfiles.main - INFO - 1 change detected
2025-05-27 01:41:10 - watchfiles.main - INFO - 1 change detected
2025-05-27 01:41:10 - watchfiles.main - INFO - 1 change detected
2025-05-27 01:41:10 - watchfiles.main - INFO - 1 change detected
2025-05-27 01:41:11 - watchfiles.main - INFO - 1 change detected
2025-05-27 01:41:11 - watchfiles.main - INFO - 1 change detected
2025-05-27 01:41:12 - watchfiles.main - INFO - 1 change detected
2025-05-27 01:41:12 - watchfiles.main - INFO - 1 change detected
2025-05-27 01:41:12 - watchfiles.main - INFO - 1 change detected
2025-05-27 01:41:13 - watchfiles.main - INFO - 1 change detected
2025-05-27 01:41:13 - watchfiles.main - INFO - 1 change detected
2025-05-27 01:41:13 - watchfiles.main - INFO - 1 change detected
2025-05-27 01:41:14 - watchfiles.main - INFO - 1 change detected
2025-05-27 01:41:14 - watchfiles.main - INFO - 1 change detected
2025-05-27 01:41:14 - watchfiles.main - INFO - 1 change detected
2025-05-27 01:41:15 - watchfiles.main - INFO - 1 change detected
2025-05-27 01:41:15 - watchfiles.main - INFO - 1 change detected
2025-05-27 01:41:15 - watchfiles.main - INFO - 1 change detected
2025-05-27 01:41:16 - watchfiles.main - INFO - 1 change detected
2025-05-27 01:41:16 - watchfiles.main - INFO - 1 change detected
2025-05-27 01:41:16 - watchfiles.main - INFO - 1 change detected
2025-05-27 01:41:17 - watchfiles.main - INFO - 42 changes detected
2025-05-27 01:41:17 - watchfiles.main - INFO - 1 change detected
2025-05-27 01:41:17 - watchfiles.main - INFO - 1 change detected
2025-05-27 01:41:18 - watchfiles.main - INFO - 1 change detected
2025-05-27 01:41:18 - watchfiles.main - INFO - 1 change detected
2025-05-27 01:41:19 - watchfiles.main - INFO - 1 change detected
2025-05-27 01:41:19 - watchfiles.main - INFO - 1 change detected
2025-05-27 01:41:19 - watchfiles.main - INFO - 1 change detected
2025-05-27 01:41:20 - watchfiles.main - INFO - 1 change detected
2025-05-27 01:41:20 - watchfiles.main - INFO - 1 change detected
2025-05-27 01:41:20 - watchfiles.main - INFO - 1 change detected
2025-05-27 01:41:21 - watchfiles.main - INFO - 1 change detected
2025-05-27 01:41:21 - watchfiles.main - INFO - 1 change detected
2025-05-27 01:41:21 - watchfiles.main - INFO - 1 change detected
2025-05-27 01:41:22 - watchfiles.main - INFO - 1 change detected
2025-05-27 01:41:22 - watchfiles.main - INFO - 1 change detected
2025-05-27 01:41:22 - watchfiles.main - INFO - 1 change detected
2025-05-27 01:41:23 - watchfiles.main - INFO - 1 change detected
2025-05-27 01:41:23 - watchfiles.main - INFO - 1 change detected
2025-05-27 01:41:23 - watchfiles.main - INFO - 1 change detected
2025-05-27 01:41:24 - watchfiles.main - INFO - 1 change detected
2025-05-27 01:41:24 - watchfiles.main - INFO - 1 change detected
2025-05-27 01:41:24 - watchfiles.main - INFO - 1 change detected
2025-05-27 01:41:25 - watchfiles.main - INFO - 1 change detected
2025-05-27 01:41:25 - watchfiles.main - INFO - 1 change detected
2025-05-27 01:41:26 - watchfiles.main - INFO - 1 change detected
2025-05-27 01:41:26 - watchfiles.main - INFO - 1 change detected
2025-05-27 01:41:26 - watchfiles.main - INFO - 8 changes detected
2025-05-27 01:41:27 - watchfiles.main - INFO - 1 change detected
2025-05-27 01:41:27 - watchfiles.main - INFO - 1 change detected
2025-05-27 01:41:27 - watchfiles.main - INFO - 1 change detected
2025-05-27 01:41:28 - watchfiles.main - INFO - 1 change detected
2025-05-27 01:41:28 - watchfiles.main - INFO - 1 change detected
2025-05-27 01:41:28 - watchfiles.main - INFO - 1 change detected
2025-05-27 01:41:29 - watchfiles.main - INFO - 1 change detected
2025-05-27 01:41:29 - watchfiles.main - INFO - 1 change detected
2025-05-27 01:41:29 - watchfiles.main - INFO - 1 change detected
2025-05-27 01:41:30 - watchfiles.main - INFO - 1 change detected
2025-05-27 01:41:30 - watchfiles.main - INFO - 1 change detected
2025-05-27 01:41:30 - watchfiles.main - INFO - 1 change detected
2025-05-27 01:41:31 - watchfiles.main - INFO - 1 change detected
2025-05-27 01:41:31 - watchfiles.main - INFO - 1 change detected
2025-05-27 01:41:31 - watchfiles.main - INFO - 1 change detected
2025-05-27 01:41:32 - watchfiles.main - INFO - 1 change detected
2025-05-27 01:41:32 - watchfiles.main - INFO - 1 change detected
2025-05-27 01:41:33 - watchfiles.main - INFO - 1 change detected
2025-05-27 01:41:33 - watchfiles.main - INFO - 1 change detected
2025-05-27 01:41:33 - watchfiles.main - INFO - 1 change detected
2025-05-27 01:41:34 - watchfiles.main - INFO - 1 change detected
2025-05-27 01:41:34 - watchfiles.main - INFO - 1 change detected
2025-05-27 01:41:34 - watchfiles.main - INFO - 1 change detected
2025-05-27 01:41:35 - watchfiles.main - INFO - 1 change detected
2025-05-27 01:41:35 - watchfiles.main - INFO - 1 change detected
2025-05-27 01:41:35 - watchfiles.main - INFO - 1 change detected
2025-05-27 01:41:36 - watchfiles.main - INFO - 1 change detected
2025-05-27 01:41:36 - watchfiles.main - INFO - 1 change detected
2025-05-27 01:41:36 - watchfiles.main - INFO - 1 change detected
2025-05-27 01:41:37 - watchfiles.main - INFO - 1 change detected
2025-05-27 01:41:37 - watchfiles.main - INFO - 1 change detected
2025-05-27 01:41:37 - watchfiles.main - INFO - 1 change detected
2025-05-27 01:41:38 - watchfiles.main - INFO - 1 change detected
2025-05-27 01:41:38 - watchfiles.main - INFO - 1 change detected
2025-05-27 01:41:38 - watchfiles.main - INFO - 1 change detected
2025-05-27 01:41:39 - watchfiles.main - INFO - 1 change detected
2025-05-27 01:41:39 - watchfiles.main - INFO - 1 change detected
2025-05-27 01:41:40 - watchfiles.main - INFO - 1 change detected
2025-05-27 01:41:40 - watchfiles.main - INFO - 1 change detected
2025-05-27 01:41:40 - watchfiles.main - INFO - 1 change detected
2025-05-27 01:41:41 - watchfiles.main - INFO - 1 change detected
2025-05-27 01:41:41 - watchfiles.main - INFO - 1 change detected
2025-05-27 01:41:41 - watchfiles.main - INFO - 1 change detected
2025-05-27 01:41:42 - watchfiles.main - INFO - 1 change detected
2025-05-27 01:41:42 - watchfiles.main - INFO - 1 change detected
2025-05-27 01:41:42 - watchfiles.main - INFO - 1 change detected
2025-05-27 01:41:43 - watchfiles.main - INFO - 1 change detected
2025-05-27 01:41:43 - watchfiles.main - INFO - 1 change detected
2025-05-27 01:41:43 - watchfiles.main - INFO - 1 change detected
2025-05-27 01:41:44 - watchfiles.main - INFO - 1 change detected
2025-05-27 01:41:44 - watchfiles.main - INFO - 1 change detected
2025-05-27 01:41:44 - watchfiles.main - INFO - 1 change detected
2025-05-27 01:41:45 - watchfiles.main - INFO - 1 change detected
2025-05-27 01:41:45 - watchfiles.main - INFO - 1 change detected
2025-05-27 01:41:45 - watchfiles.main - INFO - 1 change detected
2025-05-27 01:41:46 - watchfiles.main - INFO - 1 change detected
2025-05-27 01:41:46 - watchfiles.main - INFO - 1 change detected
2025-05-27 01:41:47 - watchfiles.main - INFO - 1 change detected
2025-05-27 01:41:47 - watchfiles.main - INFO - 1 change detected
2025-05-27 01:41:47 - watchfiles.main - INFO - 1 change detected
2025-05-27 01:41:48 - watchfiles.main - INFO - 1 change detected
2025-05-27 01:41:48 - watchfiles.main - INFO - 1 change detected
2025-05-27 01:41:48 - watchfiles.main - INFO - 1 change detected
2025-05-27 01:41:49 - watchfiles.main - INFO - 1 change detected
2025-05-27 01:41:49 - watchfiles.main - INFO - 1 change detected
2025-05-27 01:41:49 - watchfiles.main - INFO - 1 change detected
2025-05-27 01:41:50 - watchfiles.main - INFO - 1 change detected
2025-05-27 01:41:50 - watchfiles.main - INFO - 1 change detected
2025-05-27 01:41:50 - watchfiles.main - INFO - 1 change detected
2025-05-27 01:41:51 - watchfiles.main - INFO - 1 change detected
2025-05-27 01:41:51 - watchfiles.main - INFO - 1 change detected
2025-05-27 01:41:51 - watchfiles.main - INFO - 1 change detected
2025-05-27 01:41:52 - watchfiles.main - INFO - 1 change detected
2025-05-27 01:41:52 - watchfiles.main - INFO - 1 change detected
2025-05-27 01:41:52 - watchfiles.main - INFO - 1 change detected
2025-05-27 01:41:53 - watchfiles.main - INFO - 1 change detected
2025-05-27 01:41:53 - watchfiles.main - INFO - 1 change detected
2025-05-27 01:41:54 - watchfiles.main - INFO - 1 change detected
2025-05-27 01:41:54 - watchfiles.main - INFO - 1 change detected
2025-05-27 01:41:54 - watchfiles.main - INFO - 1 change detected
2025-05-27 01:41:55 - watchfiles.main - INFO - 1 change detected
2025-05-27 01:41:55 - watchfiles.main - INFO - 1 change detected
2025-05-27 01:41:55 - watchfiles.main - INFO - 1 change detected
2025-05-27 01:41:56 - watchfiles.main - INFO - 1 change detected
2025-05-27 01:41:56 - watchfiles.main - INFO - 1 change detected
2025-05-27 01:41:56 - watchfiles.main - INFO - 1 change detected
2025-05-27 01:41:57 - watchfiles.main - INFO - 1 change detected
2025-05-27 01:41:57 - watchfiles.main - INFO - 1 change detected
2025-05-27 01:41:57 - watchfiles.main - INFO - 1 change detected
2025-05-27 01:41:58 - watchfiles.main - INFO - 3 changes detected
2025-05-27 01:41:58 - watchfiles.main - INFO - 1 change detected
2025-05-27 01:41:58 - watchfiles.main - INFO - 1 change detected
2025-05-27 01:41:59 - watchfiles.main - INFO - 1 change detected
2025-05-27 01:41:59 - watchfiles.main - INFO - 1 change detected
2025-05-27 01:42:00 - watchfiles.main - INFO - 1 change detected
2025-05-27 01:42:00 - watchfiles.main - INFO - 1 change detected
2025-05-27 01:42:00 - watchfiles.main - INFO - 1 change detected
2025-05-27 01:42:01 - watchfiles.main - INFO - 1 change detected
2025-05-27 01:42:01 - watchfiles.main - INFO - 1 change detected
2025-05-27 01:42:01 - watchfiles.main - INFO - 1 change detected
2025-05-27 01:42:02 - watchfiles.main - INFO - 1 change detected
2025-05-27 01:42:02 - watchfiles.main - INFO - 1 change detected
2025-05-27 01:42:02 - watchfiles.main - INFO - 1 change detected
2025-05-27 01:42:03 - watchfiles.main - INFO - 1 change detected
2025-05-27 01:42:03 - watchfiles.main - INFO - 1 change detected
2025-05-27 01:42:03 - watchfiles.main - INFO - 1 change detected
2025-05-27 01:42:04 - watchfiles.main - INFO - 1 change detected
2025-05-27 01:42:04 - watchfiles.main - INFO - 1 change detected
2025-05-27 01:42:04 - watchfiles.main - INFO - 1 change detected
2025-05-27 01:42:05 - watchfiles.main - INFO - 1 change detected
2025-05-27 01:42:05 - watchfiles.main - INFO - 1 change detected
2025-05-27 01:42:05 - watchfiles.main - INFO - 1 change detected
2025-05-27 01:42:06 - watchfiles.main - INFO - 1 change detected
2025-05-27 01:42:06 - watchfiles.main - INFO - 1 change detected
2025-05-27 01:42:07 - watchfiles.main - INFO - 1 change detected
2025-05-27 01:42:07 - watchfiles.main - INFO - 1 change detected
2025-05-27 01:42:07 - watchfiles.main - INFO - 1 change detected
2025-05-27 01:42:08 - watchfiles.main - INFO - 1 change detected
2025-05-27 01:42:08 - watchfiles.main - INFO - 1 change detected
2025-05-27 01:42:08 - watchfiles.main - INFO - 1 change detected
2025-05-27 01:42:09 - watchfiles.main - INFO - 1 change detected
2025-05-27 01:42:09 - watchfiles.main - INFO - 1 change detected
2025-05-27 01:42:09 - watchfiles.main - INFO - 1 change detected
2025-05-27 01:42:10 - watchfiles.main - INFO - 1 change detected
2025-05-27 01:42:10 - watchfiles.main - INFO - 1 change detected
2025-05-27 01:42:10 - watchfiles.main - INFO - 1 change detected
2025-05-27 01:42:11 - watchfiles.main - INFO - 1 change detected
2025-05-27 01:42:11 - watchfiles.main - INFO - 1 change detected
2025-05-27 01:42:11 - watchfiles.main - INFO - 1 change detected
2025-05-27 01:42:12 - watchfiles.main - INFO - 2 changes detected
2025-05-27 01:42:12 - watchfiles.main - INFO - 1 change detected
2025-05-27 01:42:12 - watchfiles.main - INFO - 1 change detected
2025-05-27 01:42:13 - watchfiles.main - INFO - 1 change detected
2025-05-27 01:42:13 - watchfiles.main - INFO - 1 change detected
2025-05-27 01:42:14 - watchfiles.main - INFO - 1 change detected
2025-05-27 01:42:14 - watchfiles.main - INFO - 1 change detected
2025-05-27 01:42:14 - watchfiles.main - INFO - 11 changes detected
2025-05-27 01:42:15 - watchfiles.main - INFO - 1 change detected
2025-05-27 01:42:15 - watchfiles.main - INFO - 1 change detected
2025-05-27 01:42:15 - watchfiles.main - INFO - 1 change detected
2025-05-27 01:42:16 - watchfiles.main - INFO - 1 change detected
2025-05-27 01:42:16 - watchfiles.main - INFO - 1 change detected
2025-05-27 01:42:16 - watchfiles.main - INFO - 1 change detected
2025-05-27 01:42:17 - watchfiles.main - INFO - 1 change detected
2025-05-27 01:42:17 - watchfiles.main - INFO - 1 change detected
2025-05-27 01:42:17 - watchfiles.main - INFO - 1 change detected
2025-05-27 01:42:18 - watchfiles.main - INFO - 1 change detected
2025-05-27 01:42:18 - watchfiles.main - INFO - 1 change detected
2025-05-27 01:42:18 - watchfiles.main - INFO - 1 change detected
2025-05-27 01:42:19 - watchfiles.main - INFO - 1 change detected
2025-05-27 01:42:19 - watchfiles.main - INFO - 1 change detected
2025-05-27 01:42:19 - watchfiles.main - INFO - 1 change detected
2025-05-27 01:42:20 - watchfiles.main - INFO - 1 change detected
2025-05-27 01:42:20 - watchfiles.main - INFO - 1 change detected
2025-05-27 01:42:21 - watchfiles.main - INFO - 1 change detected
2025-05-27 01:42:21 - watchfiles.main - INFO - 1 change detected
2025-05-27 01:42:21 - watchfiles.main - INFO - 1 change detected
2025-05-27 01:42:22 - watchfiles.main - INFO - 23 changes detected
2025-05-27 01:42:22 - watchfiles.main - INFO - 1 change detected
2025-05-27 01:42:22 - watchfiles.main - INFO - 1 change detected
2025-05-27 01:42:23 - watchfiles.main - INFO - 1 change detected
2025-05-27 01:42:23 - watchfiles.main - INFO - 1 change detected
2025-05-27 01:42:23 - watchfiles.main - INFO - 1 change detected
2025-05-27 01:42:24 - watchfiles.main - INFO - 1 change detected
2025-05-27 01:42:24 - watchfiles.main - INFO - 1 change detected
2025-05-27 01:42:25 - watchfiles.main - INFO - 1 change detected
2025-05-27 01:42:25 - watchfiles.main - INFO - 1 change detected
2025-05-27 01:42:25 - watchfiles.main - INFO - 1 change detected
2025-05-27 01:42:26 - watchfiles.main - INFO - 1 change detected
2025-05-27 01:42:26 - watchfiles.main - INFO - 5 changes detected
2025-05-27 01:42:26 - watchfiles.main - INFO - 1 change detected
2025-05-27 01:42:27 - watchfiles.main - INFO - 1 change detected
2025-05-27 01:42:27 - watchfiles.main - INFO - 1 change detected
2025-05-27 01:42:27 - watchfiles.main - INFO - 1 change detected
2025-05-27 01:42:28 - watchfiles.main - INFO - 1 change detected
2025-05-27 01:42:28 - watchfiles.main - INFO - 1 change detected
2025-05-27 01:42:28 - watchfiles.main - INFO - 1 change detected
2025-05-27 01:42:29 - watchfiles.main - INFO - 1 change detected
2025-05-27 01:42:29 - watchfiles.main - INFO - 1 change detected
2025-05-27 01:42:30 - watchfiles.main - INFO - 1 change detected
2025-05-27 01:42:30 - watchfiles.main - INFO - 1 change detected
2025-05-27 01:42:30 - watchfiles.main - INFO - 1 change detected
2025-05-27 01:42:31 - watchfiles.main - INFO - 1 change detected
2025-05-27 01:42:31 - watchfiles.main - INFO - 1 change detected
2025-05-27 01:42:31 - watchfiles.main - INFO - 1 change detected
2025-05-27 01:42:32 - watchfiles.main - INFO - 1 change detected
2025-05-27 01:42:32 - watchfiles.main - INFO - 1 change detected
2025-05-27 01:42:32 - watchfiles.main - INFO - 1 change detected
2025-05-27 01:42:33 - watchfiles.main - INFO - 1 change detected
2025-05-27 01:42:33 - watchfiles.main - INFO - 1 change detected
2025-05-27 01:42:33 - watchfiles.main - INFO - 1 change detected
2025-05-27 01:42:34 - watchfiles.main - INFO - 1 change detected
2025-05-27 01:42:34 - watchfiles.main - INFO - 1 change detected
2025-05-27 01:42:34 - watchfiles.main - INFO - 1 change detected
2025-05-27 01:42:35 - watchfiles.main - INFO - 1 change detected
2025-05-27 01:42:35 - watchfiles.main - INFO - 1 change detected
2025-05-27 01:42:35 - watchfiles.main - INFO - 1 change detected
2025-05-27 01:42:36 - watchfiles.main - INFO - 1 change detected
2025-05-27 01:42:36 - watchfiles.main - INFO - 1 change detected
2025-05-27 01:42:37 - watchfiles.main - INFO - 1 change detected
2025-05-27 01:42:37 - watchfiles.main - INFO - 1 change detected
2025-05-27 01:42:37 - watchfiles.main - INFO - 1 change detected
2025-05-27 01:42:38 - watchfiles.main - INFO - 1 change detected
2025-05-27 01:42:38 - watchfiles.main - INFO - 1 change detected
2025-05-27 01:42:38 - watchfiles.main - INFO - 3 changes detected
2025-05-27 01:42:39 - watchfiles.main - INFO - 1 change detected
2025-05-27 01:42:39 - watchfiles.main - INFO - 1 change detected
2025-05-27 01:42:39 - watchfiles.main - INFO - 1 change detected
2025-05-27 01:42:40 - watchfiles.main - INFO - 1 change detected
2025-05-27 01:42:40 - watchfiles.main - INFO - 1 change detected
2025-05-27 01:42:40 - watchfiles.main - INFO - 1 change detected
2025-05-27 01:42:41 - watchfiles.main - INFO - 1 change detected
2025-05-27 01:42:41 - watchfiles.main - INFO - 1 change detected
2025-05-27 01:42:41 - watchfiles.main - INFO - 1 change detected
2025-05-27 01:42:42 - watchfiles.main - INFO - 1 change detected
2025-05-27 01:42:42 - watchfiles.main - INFO - 1 change detected
2025-05-27 01:42:43 - watchfiles.main - INFO - 1 change detected
2025-05-27 01:42:43 - watchfiles.main - INFO - 1 change detected
2025-05-27 01:42:43 - watchfiles.main - INFO - 1 change detected
2025-05-27 01:42:44 - watchfiles.main - INFO - 1 change detected
2025-05-27 01:42:44 - watchfiles.main - INFO - 1 change detected
2025-05-27 01:42:44 - watchfiles.main - INFO - 1 change detected
2025-05-27 01:42:45 - watchfiles.main - INFO - 1 change detected
2025-05-27 01:42:45 - watchfiles.main - INFO - 1 change detected
2025-05-27 01:42:45 - watchfiles.main - INFO - 1 change detected
2025-05-27 01:42:46 - watchfiles.main - INFO - 1 change detected
2025-05-27 01:42:46 - watchfiles.main - INFO - 1 change detected
2025-05-27 01:42:46 - watchfiles.main - INFO - 1 change detected
2025-05-27 01:42:47 - watchfiles.main - INFO - 1 change detected
2025-05-27 01:42:47 - watchfiles.main - INFO - 1 change detected
2025-05-27 01:42:47 - watchfiles.main - INFO - 1 change detected
2025-05-27 01:42:48 - watchfiles.main - INFO - 1 change detected
2025-05-27 01:42:48 - watchfiles.main - INFO - 1 change detected
2025-05-27 01:42:49 - watchfiles.main - INFO - 1 change detected
2025-05-27 01:42:49 - watchfiles.main - INFO - 1 change detected
2025-05-27 01:42:49 - watchfiles.main - INFO - 1 change detected
2025-05-27 01:42:50 - watchfiles.main - INFO - 1 change detected
2025-05-27 01:42:50 - watchfiles.main - INFO - 1 change detected
2025-05-27 01:42:50 - watchfiles.main - INFO - 1 change detected
2025-05-27 01:42:51 - watchfiles.main - INFO - 1 change detected
2025-05-27 01:42:51 - watchfiles.main - INFO - 1 change detected
2025-05-27 01:42:51 - watchfiles.main - INFO - 1 change detected
2025-05-27 01:42:52 - watchfiles.main - INFO - 1 change detected
2025-05-27 01:42:52 - watchfiles.main - INFO - 2 changes detected
2025-05-27 01:42:52 - watchfiles.main - INFO - 1 change detected
2025-05-27 01:42:53 - watchfiles.main - INFO - 1 change detected
2025-05-27 01:42:53 - watchfiles.main - INFO - 1 change detected
2025-05-27 01:42:53 - watchfiles.main - INFO - 1 change detected
2025-05-27 01:42:54 - watchfiles.main - INFO - 1 change detected
2025-05-27 01:42:54 - watchfiles.main - INFO - 1 change detected
2025-05-27 01:42:55 - watchfiles.main - INFO - 1 change detected
2025-05-27 01:42:55 - watchfiles.main - INFO - 1 change detected
2025-05-27 01:42:55 - watchfiles.main - INFO - 1 change detected
2025-05-27 01:42:56 - watchfiles.main - INFO - 1 change detected
2025-05-27 01:42:56 - watchfiles.main - INFO - 1 change detected
2025-05-27 01:42:56 - watchfiles.main - INFO - 1 change detected
2025-05-27 01:42:57 - watchfiles.main - INFO - 1 change detected
2025-05-27 01:42:57 - watchfiles.main - INFO - 1 change detected
2025-05-27 01:42:57 - watchfiles.main - INFO - 1 change detected
2025-05-27 01:42:58 - watchfiles.main - INFO - 1 change detected
2025-05-27 01:42:58 - watchfiles.main - INFO - 1 change detected
2025-05-27 01:42:58 - watchfiles.main - INFO - 1 change detected
2025-05-27 01:42:59 - watchfiles.main - INFO - 1 change detected
2025-05-27 01:42:59 - watchfiles.main - INFO - 1 change detected
2025-05-27 01:42:59 - watchfiles.main - INFO - 1 change detected
2025-05-27 01:43:00 - watchfiles.main - INFO - 1 change detected
2025-05-27 01:43:00 - watchfiles.main - INFO - 1 change detected
2025-05-27 01:43:00 - watchfiles.main - INFO - 1 change detected
2025-05-27 01:43:01 - watchfiles.main - INFO - 1 change detected
2025-05-27 01:43:01 - watchfiles.main - INFO - 1 change detected
2025-05-27 01:43:02 - watchfiles.main - INFO - 1 change detected
2025-05-27 01:43:02 - watchfiles.main - INFO - 1 change detected
2025-05-27 01:43:02 - watchfiles.main - INFO - 1 change detected
INFO:     Shutting down
INFO:     Waiting for application shutdown.
2025-05-27 01:43:03 - root - INFO - 应用关闭中...
2025-05-27 01:43:03 - root - INFO - 等待 1 个异步任务完成...
2025-05-27 01:43:05 - root - WARNING - 强制取消 1 个未完成的任务
2025-05-27 01:43:05 - root - INFO - 应用已关闭
Process SpawnProcess-1:
Traceback (most recent call last):
  File "/projects/TCCTVS/Anaconda3/envs/flood_new/lib/python3.10/site-packages/uvicorn/server.py", line 83, in serve
    await self.shutdown(sockets=sockets)
  File "/projects/TCCTVS/Anaconda3/envs/flood_new/lib/python3.10/site-packages/uvicorn/server.py", line 297, in shutdown
    await self.lifespan.shutdown()
  File "/projects/TCCTVS/Anaconda3/envs/flood_new/lib/python3.10/site-packages/uvicorn/lifespan/on.py", line 68, in shutdown
    await self.shutdown_event.wait()
  File "/projects/TCCTVS/Anaconda3/envs/flood_new/lib/python3.10/asyncio/locks.py", line 214, in wait
    await fut
asyncio.exceptions.CancelledError

During handling of the above exception, another exception occurred:

Traceback (most recent call last):
  File "/projects/TCCTVS/Anaconda3/envs/flood_new/lib/python3.10/multiprocessing/process.py", line 314, in _bootstrap
    self.run()
  File "/projects/TCCTVS/Anaconda3/envs/flood_new/lib/python3.10/multiprocessing/process.py", line 108, in run
    self._target(*self._args, **self._kwargs)
  File "/projects/TCCTVS/Anaconda3/envs/flood_new/lib/python3.10/site-packages/uvicorn/_subprocess.py", line 78, in subprocess_started
    target(sockets=sockets)
  File "/projects/TCCTVS/Anaconda3/envs/flood_new/lib/python3.10/site-packages/uvicorn/server.py", line 62, in run
    return asyncio.run(self.serve(sockets=sockets))
  File "/projects/TCCTVS/Anaconda3/envs/flood_new/lib/python3.10/asyncio/runners.py", line 44, in run
    return loop.run_until_complete(main)
  File "uvloop/loop.pyx", line 1518, in uvloop.loop.Loop.run_until_complete
asyncio.exceptions.CancelledError
INFO:     Stopping reloader process [2008259]
